# JRE version: OpenJDK Runtime Environment (8.0_112-b06) (build 1.8.0_112-release-b06)
# Java VM: OpenJDK 64-Bit Server VM (25.112-b06 mixed mode windows-amd64 compressed oops)
Heap:
 PSYoungGen      total 337920K, used 177406K [0x00000000e0000000, 0x00000000f6580000, 0x0000000100000000)
  eden space 326144K, 51% used [0x00000000e0000000,0x00000000ea3d0ce0,0x00000000f3e80000)
  from space 11776K, 82% used [0x00000000f5a00000,0x00000000f636ee70,0x00000000f6580000)
  to   space 19968K, 0% used [0x00000000f3e80000,0x00000000f3e80000,0x00000000f5200000)
 ParOldGen       total 102400K, used 59848K [0x00000000a0000000, 0x00000000a6400000, 0x00000000e0000000)
  object space 102400K, 58% used [0x00000000a0000000,0x00000000a3a72340,0x00000000a6400000)
 Metaspace       used 70114K, capacity 73643K, committed 73816K, reserved 1114112K
  class space    used 9157K, capacity 9778K, committed 9816K, reserved 1048576K
GC Heap History (10 events):
Event: 115.471 GC heap before
{Heap before GC invocations=17 (full 3):
 PSYoungGen      total 215040K, used 4288K [0x00000000e0000000, 0x00000000eea80000, 0x0000000100000000)
  eden space 202240K, 0% used [0x00000000e0000000,0x00000000e0000000,0x00000000ec580000)
  from space 12800K, 33% used [0x00000000ede00000,0x00000000ee230000,0x00000000eea80000)
  to   space 18944K, 0% used [0x00000000ec580000,0x00000000ec580000,0x00000000ed800000)
 ParOldGen       total 61952K, used 48328K [0x00000000a0000000, 0x00000000a3c80000, 0x00000000e0000000)
  object space 61952K, 78% used [0x00000000a0000000,0x00000000a2f322f8,0x00000000a3c80000)
 Metaspace       used 56447K, capacity 58913K, committed 59028K, reserved 1099776K
  class space    used 7629K, capacity 8152K, committed 8152K, reserved 1048576K
Event: 115.932 GC heap after
Heap after GC invocations=17 (full 3):
 PSYoungGen      total 215040K, used 0K [0x00000000e0000000, 0x00000000eea80000, 0x0000000100000000)
  eden space 202240K, 0% used [0x00000000e0000000,0x00000000e0000000,0x00000000ec580000)
  from space 12800K, 0% used [0x00000000ede00000,0x00000000ede00000,0x00000000eea80000)
  to   space 18944K, 0% used [0x00000000ec580000,0x00000000ec580000,0x00000000ed800000)
 ParOldGen       total 102400K, used 42198K [0x00000000a0000000, 0x00000000a6400000, 0x00000000e0000000)
  object space 102400K, 41% used [0x00000000a0000000,0x00000000a2935a70,0x00000000a6400000)
 Metaspace       used 56447K, capacity 58913K, committed 59028K, reserved 1099776K
  class space    used 7629K, capacity 8152K, committed 8152K, reserved 1048576K
}
Event: 354.218 GC heap before
{Heap before GC invocations=18 (full 3):
 PSYoungGen      total 215040K, used 202240K [0x00000000e0000000, 0x00000000eea80000, 0x0000000100000000)
  eden space 202240K, 100% used [0x00000000e0000000,0x00000000ec580000,0x00000000ec580000)
  from space 12800K, 0% used [0x00000000ede00000,0x00000000ede00000,0x00000000eea80000)
  to   space 18944K, 0% used [0x00000000ec580000,0x00000000ec580000,0x00000000ed800000)
 ParOldGen       total 102400K, used 42198K [0x00000000a0000000, 0x00000000a6400000, 0x00000000e0000000)
  object space 102400K, 41% used [0x00000000a0000000,0x00000000a2935a70,0x00000000a6400000)
 Metaspace       used 58655K, capacity 61467K, committed 61656K, reserved 1101824K
  class space    used 7851K, capacity 8405K, committed 8408K, reserved 1048576K
Event: 354.240 GC heap after
Heap after GC invocations=18 (full 3):
 PSYoungGen      total 221184K, used 15974K [0x00000000e0000000, 0x00000000f3500000, 0x0000000100000000)
  eden space 202240K, 0% used [0x00000000e0000000,0x00000000e0000000,0x00000000ec580000)
  from space 18944K, 84% used [0x00000000ec580000,0x00000000ed519930,0x00000000ed800000)
  to   space 20480K, 0% used [0x00000000f2100000,0x00000000f2100000,0x00000000f3500000)
 ParOldGen       total 102400K, used 42206K [0x00000000a0000000, 0x00000000a6400000, 0x00000000e0000000)
  object space 102400K, 41% used [0x00000000a0000000,0x00000000a2937a70,0x00000000a6400000)
 Metaspace       used 58655K, capacity 61467K, committed 61656K, reserved 1101824K
  class space    used 7851K, capacity 8405K, committed 8408K, reserved 1048576K
}
Event: 377.269 GC heap before
{Heap before GC invocations=19 (full 3):
 PSYoungGen      total 221184K, used 216895K [0x00000000e0000000, 0x00000000f3500000, 0x0000000100000000)
  eden space 202240K, 99% used [0x00000000e0000000,0x00000000ec436518,0x00000000ec580000)
  from space 18944K, 84% used [0x00000000ec580000,0x00000000ed519930,0x00000000ed800000)
  to   space 20480K, 0% used [0x00000000f2100000,0x00000000f2100000,0x00000000f3500000)
 ParOldGen       total 102400K, used 42206K [0x00000000a0000000, 0x00000000a6400000, 0x00000000e0000000)
  object space 102400K, 41% used [0x00000000a0000000,0x00000000a2937a70,0x00000000a6400000)
 Metaspace       used 68090K, capacity 71099K, committed 71256K, reserved 1112064K
  class space    used 8924K, capacity 9518K, committed 9560K, reserved 1048576K
Event: 377.294 GC heap after
Heap after GC invocations=19 (full 3):
 PSYoungGen      total 280576K, used 13227K [0x00000000e0000000, 0x00000000f2e00000, 0x0000000100000000)
  eden space 267264K, 0% used [0x00000000e0000000,0x00000000e0000000,0x00000000f0500000)
  from space 13312K, 99% used [0x00000000f2100000,0x00000000f2deaf40,0x00000000f2e00000)
  to   space 20992K, 0% used [0x00000000f0500000,0x00000000f0500000,0x00000000f1980000)
 ParOldGen       total 102400K, used 49646K [0x00000000a0000000, 0x00000000a6400000, 0x00000000e0000000)
  object space 102400K, 48% used [0x00000000a0000000,0x00000000a307b8e0,0x00000000a6400000)
 Metaspace       used 68090K, capacity 71099K, committed 71256K, reserved 1112064K
  class space    used 8924K, capacity 9518K, committed 9560K, reserved 1048576K
}
Event: 378.055 GC heap before
{Heap before GC invocations=20 (full 3):
 PSYoungGen      total 280576K, used 279887K [0x00000000e0000000, 0x00000000f2e00000, 0x0000000100000000)
  eden space 267264K, 99% used [0x00000000e0000000,0x00000000f0468dc0,0x00000000f0500000)
  from space 13312K, 99% used [0x00000000f2100000,0x00000000f2deaf40,0x00000000f2e00000)
  to   space 20992K, 0% used [0x00000000f0500000,0x00000000f0500000,0x00000000f1980000)
 ParOldGen       total 102400K, used 49646K [0x00000000a0000000, 0x00000000a6400000, 0x00000000e0000000)
  object space 102400K, 48% used [0x00000000a0000000,0x00000000a307b8e0,0x00000000a6400000)
 Metaspace       used 68888K, capacity 71991K, committed 72152K, reserved 1112064K
  class space    used 9044K, capacity 9636K, committed 9688K, reserved 1048576K
Event: 378.090 GC heap after
Heap after GC invocations=20 (full 3):
 PSYoungGen      total 288256K, used 4210K [0x00000000e0000000, 0x00000000f6e80000, 0x0000000100000000)
  eden space 267264K, 0% used [0x00000000e0000000,0x00000000e0000000,0x00000000f0500000)
  from space 20992K, 20% used [0x00000000f0500000,0x00000000f091ca20,0x00000000f1980000)
  to   space 20992K, 0% used [0x00000000f5a00000,0x00000000f5a00000,0x00000000f6e80000)
 ParOldGen       total 102400K, used 56358K [0x00000000a0000000, 0x00000000a6400000, 0x00000000e0000000)
  object space 102400K, 55% used [0x00000000a0000000,0x00000000a3709920,0x00000000a6400000)
 Metaspace       used 68888K, capacity 71991K, committed 72152K, reserved 1112064K
  class space    used 9044K, capacity 9636K, committed 9688K, reserved 1048576K
}
Event: 573.223 GC heap before
{Heap before GC invocations=21 (full 3):
 PSYoungGen      total 288256K, used 271474K [0x00000000e0000000, 0x00000000f6e80000, 0x0000000100000000)
  eden space 267264K, 100% used [0x00000000e0000000,0x00000000f0500000,0x00000000f0500000)
  from space 20992K, 20% used [0x00000000f0500000,0x00000000f091ca20,0x00000000f1980000)
  to   space 20992K, 0% used [0x00000000f5a00000,0x00000000f5a00000,0x00000000f6e80000)
 ParOldGen       total 102400K, used 56358K [0x00000000a0000000, 0x00000000a6400000, 0x00000000e0000000)
  object space 102400K, 55% used [0x00000000a0000000,0x00000000a3709920,0x00000000a6400000)
 Metaspace       used 69843K, capacity 73187K, committed 73304K, reserved 1112064K
  class space    used 9133K, capacity 9724K, committed 9816K, reserved 1048576K
Event: 573.239 GC heap after
Heap after GC invocations=21 (full 3):
 PSYoungGen      total 337920K, used 9659K [0x00000000e0000000, 0x00000000f6580000, 0x0000000100000000)
  eden space 326144K, 0% used [0x00000000e0000000,0x00000000e0000000,0x00000000f3e80000)
  from space 11776K, 82% used [0x00000000f5a00000,0x00000000f636ee70,0x00000000f6580000)
  to   space 19968K, 0% used [0x00000000f3e80000,0x00000000f3e80000,0x00000000f5200000)
 ParOldGen       total 102400K, used 59848K [0x00000000a0000000, 0x00000000a6400000, 0x00000000e0000000)
  object space 102400K, 58% used [0x00000000a0000000,0x00000000a3a72340,0x00000000a6400000)
 Metaspace       used 69843K, capacity 73187K, committed 73304K, reserved 1112064K
  class space    used 9133K, capacity 9724K, committed 9816K, reserved 1048576K
}

