# JRE version: OpenJDK Runtime Environment (8.0_112-b06) (build 1.8.0_112-release-b06)
# Java VM: OpenJDK 64-Bit Server VM (25.112-b06 mixed mode windows-amd64 compressed oops)
Heap:
 PSYoungGen      total 42496K, used 28984K [0x00000000e0000000, 0x00000000e3500000, 0x0000000100000000)
  eden space 33792K, 80% used [0x00000000e0000000,0x00000000e1a96298,0x00000000e2100000)
  from space 8704K, 20% used [0x00000000e2a00000,0x00000000e2bb8010,0x00000000e3280000)
  to   space 9216K, 0% used [0x00000000e2100000,0x00000000e2100000,0x00000000e2a00000)
 ParOldGen       total 37376K, used 12152K [0x00000000a0000000, 0x00000000a2480000, 0x00000000e0000000)
  object space 37376K, 32% used [0x00000000a0000000,0x00000000a0bde328,0x00000000a2480000)
 Metaspace       used 30329K, capacity 30932K, committed 31232K, reserved 1077248K
  class space    used 4141K, capacity 4286K, committed 4352K, reserved 1048576K
GC Heap History (10 events):
Event: 72.240 GC heap before
{Heap before GC invocations=7 (full 1):
 PSYoungGen      total 28160K, used 24064K [0x00000000e0000000, 0x00000000e2980000, 0x0000000100000000)
  eden space 24064K, 100% used [0x00000000e0000000,0x00000000e1780000,0x00000000e1780000)
  from space 4096K, 0% used [0x00000000e1800000,0x00000000e1800000,0x00000000e1c00000)
  to   space 9216K, 0% used [0x00000000e2080000,0x00000000e2080000,0x00000000e2980000)
 ParOldGen       total 37376K, used 8383K [0x00000000a0000000, 0x00000000a2480000, 0x00000000e0000000)
  object space 37376K, 22% used [0x00000000a0000000,0x00000000a082ff98,0x00000000a2480000)
 Metaspace       used 22899K, capacity 23320K, committed 23552K, reserved 1069056K
  class space    used 3043K, capacity 3214K, committed 3328K, reserved 1048576K
Event: 72.257 GC heap after
Heap after GC invocations=7 (full 1):
 PSYoungGen      total 32768K, used 2497K [0x00000000e0000000, 0x00000000e2a00000, 0x0000000100000000)
  eden space 23552K, 0% used [0x00000000e0000000,0x00000000e0000000,0x00000000e1700000)
  from space 9216K, 27% used [0x00000000e2080000,0x00000000e22f05e0,0x00000000e2980000)
  to   space 9728K, 0% used [0x00000000e1700000,0x00000000e1700000,0x00000000e2080000)
 ParOldGen       total 37376K, used 8391K [0x00000000a0000000, 0x00000000a2480000, 0x00000000e0000000)
  object space 37376K, 22% used [0x00000000a0000000,0x00000000a0831f98,0x00000000a2480000)
 Metaspace       used 22899K, capacity 23320K, committed 23552K, reserved 1069056K
  class space    used 3043K, capacity 3214K, committed 3328K, reserved 1048576K
}
Event: 77.631 GC heap before
{Heap before GC invocations=8 (full 1):
 PSYoungGen      total 32768K, used 26049K [0x00000000e0000000, 0x00000000e2a00000, 0x0000000100000000)
  eden space 23552K, 100% used [0x00000000e0000000,0x00000000e1700000,0x00000000e1700000)
  from space 9216K, 27% used [0x00000000e2080000,0x00000000e22f05e0,0x00000000e2980000)
  to   space 9728K, 0% used [0x00000000e1700000,0x00000000e1700000,0x00000000e2080000)
 ParOldGen       total 37376K, used 8391K [0x00000000a0000000, 0x00000000a2480000, 0x00000000e0000000)
  object space 37376K, 22% used [0x00000000a0000000,0x00000000a0831f98,0x00000000a2480000)
 Metaspace       used 24593K, capacity 25004K, committed 25344K, reserved 1071104K
  class space    used 3334K, capacity 3492K, committed 3584K, reserved 1048576K
Event: 77.677 GC heap after
Heap after GC invocations=8 (full 1):
 PSYoungGen      total 27136K, used 3690K [0x00000000e0000000, 0x00000000e2880000, 0x0000000100000000)
  eden space 23040K, 0% used [0x00000000e0000000,0x00000000e0000000,0x00000000e1680000)
  from space 4096K, 90% used [0x00000000e1700000,0x00000000e1a9ab60,0x00000000e1b00000)
  to   space 9216K, 0% used [0x00000000e1f80000,0x00000000e1f80000,0x00000000e2880000)
 ParOldGen       total 37376K, used 8391K [0x00000000a0000000, 0x00000000a2480000, 0x00000000e0000000)
  object space 37376K, 22% used [0x00000000a0000000,0x00000000a0831f98,0x00000000a2480000)
 Metaspace       used 24593K, capacity 25004K, committed 25344K, reserved 1071104K
  class space    used 3334K, capacity 3492K, committed 3584K, reserved 1048576K
}
Event: 80.383 GC heap before
{Heap before GC invocations=9 (full 1):
 PSYoungGen      total 27136K, used 26730K [0x00000000e0000000, 0x00000000e2880000, 0x0000000100000000)
  eden space 23040K, 100% used [0x00000000e0000000,0x00000000e1680000,0x00000000e1680000)
  from space 4096K, 90% used [0x00000000e1700000,0x00000000e1a9ab60,0x00000000e1b00000)
  to   space 9216K, 0% used [0x00000000e1f80000,0x00000000e1f80000,0x00000000e2880000)
 ParOldGen       total 37376K, used 8391K [0x00000000a0000000, 0x00000000a2480000, 0x00000000e0000000)
  object space 37376K, 22% used [0x00000000a0000000,0x00000000a0831f98,0x00000000a2480000)
 Metaspace       used 26551K, capacity 27090K, committed 27136K, reserved 1073152K
  class space    used 3664K, capacity 3820K, committed 3840K, reserved 1048576K
Event: 80.458 GC heap after
Heap after GC invocations=9 (full 1):
 PSYoungGen      total 32256K, used 5841K [0x00000000e0000000, 0x00000000e3a00000, 0x0000000100000000)
  eden space 23040K, 0% used [0x00000000e0000000,0x00000000e0000000,0x00000000e1680000)
  from space 9216K, 63% used [0x00000000e1f80000,0x00000000e25344d0,0x00000000e2880000)
  to   space 9216K, 0% used [0x00000000e1680000,0x00000000e1680000,0x00000000e1f80000)
 ParOldGen       total 37376K, used 8399K [0x00000000a0000000, 0x00000000a2480000, 0x00000000e0000000)
  object space 37376K, 22% used [0x00000000a0000000,0x00000000a0833f98,0x00000000a2480000)
 Metaspace       used 26551K, capacity 27090K, committed 27136K, reserved 1073152K
  class space    used 3664K, capacity 3820K, committed 3840K, reserved 1048576K
}
Event: 83.607 GC heap before
{Heap before GC invocations=10 (full 1):
 PSYoungGen      total 32256K, used 28881K [0x00000000e0000000, 0x00000000e3a00000, 0x0000000100000000)
  eden space 23040K, 100% used [0x00000000e0000000,0x00000000e1680000,0x00000000e1680000)
  from space 9216K, 63% used [0x00000000e1f80000,0x00000000e25344d0,0x00000000e2880000)
  to   space 9216K, 0% used [0x00000000e1680000,0x00000000e1680000,0x00000000e1f80000)
 ParOldGen       total 37376K, used 8399K [0x00000000a0000000, 0x00000000a2480000, 0x00000000e0000000)
  object space 37376K, 22% used [0x00000000a0000000,0x00000000a0833f98,0x00000000a2480000)
 Metaspace       used 27852K, capacity 28478K, committed 28672K, reserved 1073152K
  class space    used 3894K, capacity 4088K, committed 4096K, reserved 1048576K
Event: 83.689 GC heap after
Heap after GC invocations=10 (full 1):
 PSYoungGen      total 32256K, used 4833K [0x00000000e0000000, 0x00000000e3280000, 0x0000000100000000)
  eden space 23040K, 0% used [0x00000000e0000000,0x00000000e0000000,0x00000000e1680000)
  from space 9216K, 52% used [0x00000000e1680000,0x00000000e1b38608,0x00000000e1f80000)
  to   space 8704K, 0% used [0x00000000e2a00000,0x00000000e2a00000,0x00000000e3280000)
 ParOldGen       total 37376K, used 9384K [0x00000000a0000000, 0x00000000a2480000, 0x00000000e0000000)
  object space 37376K, 25% used [0x00000000a0000000,0x00000000a092a2e8,0x00000000a2480000)
 Metaspace       used 27852K, capacity 28478K, committed 28672K, reserved 1073152K
  class space    used 3894K, capacity 4088K, committed 4096K, reserved 1048576K
}
Event: 93.373 GC heap before
{Heap before GC invocations=11 (full 1):
 PSYoungGen      total 32256K, used 27873K [0x00000000e0000000, 0x00000000e3280000, 0x0000000100000000)
  eden space 23040K, 100% used [0x00000000e0000000,0x00000000e1680000,0x00000000e1680000)
  from space 9216K, 52% used [0x00000000e1680000,0x00000000e1b38608,0x00000000e1f80000)
  to   space 8704K, 0% used [0x00000000e2a00000,0x00000000e2a00000,0x00000000e3280000)
 ParOldGen       total 37376K, used 9384K [0x00000000a0000000, 0x00000000a2480000, 0x00000000e0000000)
  object space 37376K, 25% used [0x00000000a0000000,0x00000000a092a2e8,0x00000000a2480000)
 Metaspace       used 29734K, capacity 30302K, committed 30464K, reserved 1075200K
  class space    used 4072K, capacity 4248K, committed 4352K, reserved 1048576K
Event: 94.714 GC heap after
Heap after GC invocations=11 (full 1):
 PSYoungGen      total 42496K, used 1760K [0x00000000e0000000, 0x00000000e3500000, 0x0000000100000000)
  eden space 33792K, 0% used [0x00000000e0000000,0x00000000e0000000,0x00000000e2100000)
  from space 8704K, 20% used [0x00000000e2a00000,0x00000000e2bb8010,0x00000000e3280000)
  to   space 9216K, 0% used [0x00000000e2100000,0x00000000e2100000,0x00000000e2a00000)
 ParOldGen       total 37376K, used 12152K [0x00000000a0000000, 0x00000000a2480000, 0x00000000e0000000)
  object space 37376K, 32% used [0x00000000a0000000,0x00000000a0bde328,0x00000000a2480000)
 Metaspace       used 29734K, capacity 30302K, committed 30464K, reserved 1075200K
  class space    used 4072K, capacity 4248K, committed 4352K, reserved 1048576K
}

